<?xml version="1.0" encoding="UTF-8"?>
<testsuites name="New Test Suite Collection" time="11.786" tests="1" failures="0" errors="0">
   <testsuite name="Test" tests="1" failures="0" errors="0" time="6.988" timestamp="2020-11-16 16:30:26" hostname="User - host.docker.internal" id="Test Suites/Test">
      <properties>
         <property name="deviceName" value=""/>
         <property name="devicePlatform" value=""/>
         <property name="logFolder" value="D:\\Documents\\GitHub\\katalon-github-test\\Reports\\20201116_163020\\Test\\20201116_163021"/>
         <property name="logFiles" value="D:\\Documents\\GitHub\\katalon-github-test\\Reports\\20201116_163020\\Test\\20201116_163021\\execution0.log"/>
         <property name="attachments" value=""/>
         <property name="hostName" value="User - host.docker.internal"/>
         <property name="os" value="Windows 10 64bit"/>
         <property name="katalonVersion" value="7.7.2.205"/>
         <property name="browser" value="Chrome 86.0.4240.193"/>
         <property name="hostAddress" value="192.168.1.108"/>
         <property name="sessionId" value="3a69d396cdacd058b5ef5ef6f4afb07c"/>
         <property name="seleniumVersion" value="3.141.59"/>
         <property name="proxyInformation" value="ProxyInformation { proxyOption=NO_PROXY, proxyServerType=HTTP, username=, password=********, proxyServerAddress=, proxyServerPort=0, executionList=&quot;&quot;, isApplyToDesiredCapabilities=true }"/>
         <property name="platform" value="Windows 10"/>
      </properties>
      <testcase name="Test Cases/New Test Case" time="6.75" classname="Test Cases/New Test Case" status="PASSED">
         <system-out><![CDATA[2020-11-16 16:30:26 - [TEST_CASE][PASSED] - Test Cases/New Test Case: Test Cases/New Test Case

2020-11-16 16:30:26 - [TEST_STEP][PASSED] - openBrowser(""): Browser is opened with url: ''

2020-11-16 16:30:26 - [MESSAGE][INFO] - Starting 'Chrome' driver

2020-11-16 16:30:26 - [MESSAGE][INFO] - Action delay is set to 0 milliseconds

2020-11-16 16:30:30 - [MESSAGE][PASSED] - Browser is opened with url: ''

2020-11-16 16:30:30 - [TEST_STEP][PASSED] - navigateToUrl("https://www.google.com/"): Navigate to 'https://www.google.com/' successfully

2020-11-16 16:30:31 - [MESSAGE][PASSED] - Navigate to 'https://www.google.com/' successfully

2020-11-16 16:30:31 - [TEST_STEP][PASSED] - waitForElementPresent(findTestObject("Object Repository/Page_Google/div_Ofrecido por Google en  Espaol (Latinoamrica)"), 0): Object 'Object Repository/Page_Google/div_Ofrecido por Google en  Espaol (Latinoamrica)' is present

2020-11-16 16:30:31 - [MESSAGE][WARNING] - Timeout '0' is invalid. Using default page load timeout: '30'

2020-11-16 16:30:32 - [MESSAGE][PASSED] - Object 'Object Repository/Page_Google/div_Ofrecido por Google en  Espaol (Latinoamrica)' is present

2020-11-16 16:30:32 - [TEST_STEP][PASSED] - verifyElementText(findTestObject("Object Repository/Page_Google/div_Ofrecido por Google en  Espaol (Latinoamrica)"), "Ofrecido por Google en: Español (Latinoamérica)"): Actual text and expected text of test object 'Object Repository/Page_Google/div_Ofrecido por Google en  Espaol (Latinoamrica)' are matched.

2020-11-16 16:30:32 - [MESSAGE][PASSED] - Actual text and expected text of test object 'Object Repository/Page_Google/div_Ofrecido por Google en  Espaol (Latinoamrica)' are matched.

2020-11-16 16:30:32 - [TEST_STEP][PASSED] - closeBrowser(): Browser is closed

2020-11-16 16:30:33 - [MESSAGE][PASSED] - Browser is closed]]></system-out>
         <system-err><![CDATA[]]></system-err>
      </testcase>
      <system-out><![CDATA[2020-11-16 16:30:26 - [TEST_SUITE][PASSED] - Test: Test Cases/New Test Case]]></system-out>
      <system-err><![CDATA[]]></system-err>
   </testsuite>
</testsuites>
