<?xml version="1.0" encoding="UTF-8"?>
<testsuites name="New Test Suite" time="6.712" tests="1" failures="0" errors="0">
   <testsuite name="New Test Suite" tests="1" failures="0" errors="0" time="6.712" timestamp="2020-11-11 20:11:49" hostname="User - host.docker.internal" id="Test Suites/New Test Suite">
      <properties>
         <property name="deviceName" value=""/>
         <property name="devicePlatform" value=""/>
         <property name="logFolder" value="C:\\Users\\User\\git\\katalon-github-test\\Reports\\20201111_201146\\New Test Suite\\20201111_201146"/>
         <property name="logFiles" value="C:\\Users\\User\\git\\katalon-github-test\\Reports\\20201111_201146\\New Test Suite\\20201111_201146\\execution0.log"/>
         <property name="attachments" value=""/>
         <property name="hostName" value="User - host.docker.internal"/>
         <property name="os" value="Windows 10 64bit"/>
         <property name="katalonVersion" value="null.null"/>
         <property name="browser" value="Chrome 86.0.4240.183"/>
         <property name="hostAddress" value="192.168.1.108"/>
         <property name="sessionId" value="be28c966fbee23be255ed4bc88c1e160"/>
         <property name="seleniumVersion" value="3.141.59"/>
         <property name="proxyInformation" value="ProxyInformation { proxyOption=NO_PROXY, proxyServerType=HTTP, username=, password=********, proxyServerAddress=, proxyServerPort=0, executionList=&quot;&quot;, isApplyToDesiredCapabilities=true }"/>
         <property name="platform" value="Windows 10"/>
      </properties>
      <testcase name="Test Cases/New Test Case" time="6.425" classname="Test Cases/New Test Case" status="PASSED">
         <system-out><![CDATA[2020-11-11 20:11:49 - [TEST_CASE][PASSED] - Test Cases/New Test Case: Test Cases/New Test Case

2020-11-11 20:11:50 - [TEST_STEP][PASSED] - openBrowser(""): Browser is opened with url: ''

2020-11-11 20:11:50 - [MESSAGE][INFO] - Starting 'Chrome' driver

2020-11-11 20:11:50 - [MESSAGE][INFO] - Action delay is set to 0 milliseconds

2020-11-11 20:11:53 - [MESSAGE][PASSED] - Browser is opened with url: ''

2020-11-11 20:11:53 - [TEST_STEP][PASSED] - navigateToUrl("https://www.google.com/"): Navigate to 'https://www.google.com/' successfully

2020-11-11 20:11:54 - [MESSAGE][PASSED] - Navigate to 'https://www.google.com/' successfully

2020-11-11 20:11:54 - [TEST_STEP][PASSED] - waitForElementPresent(findTestObject("Object Repository/Page_Google/div_Ofrecido por Google en  Espaol (Latinoamrica)"), 0): Object 'Object Repository/Page_Google/div_Ofrecido por Google en  Espaol (Latinoamrica)' is present

2020-11-11 20:11:55 - [MESSAGE][WARNING] - Timeout '0' is invalid. Using default page load timeout: '30'

2020-11-11 20:11:55 - [MESSAGE][PASSED] - Object 'Object Repository/Page_Google/div_Ofrecido por Google en  Espaol (Latinoamrica)' is present

2020-11-11 20:11:55 - [TEST_STEP][PASSED] - verifyElementText(findTestObject("Object Repository/Page_Google/div_Ofrecido por Google en  Espaol (Latinoamrica)"), "Ofrecido por Google en: Español (Latinoamérica)"): Actual text and expected text of test object 'Object Repository/Page_Google/div_Ofrecido por Google en  Espaol (Latinoamrica)' are matched.

2020-11-11 20:11:55 - [MESSAGE][PASSED] - Actual text and expected text of test object 'Object Repository/Page_Google/div_Ofrecido por Google en  Espaol (Latinoamrica)' are matched.

2020-11-11 20:11:55 - [TEST_STEP][PASSED] - closeBrowser(): Browser is closed

2020-11-11 20:11:56 - [MESSAGE][PASSED] - Browser is closed]]></system-out>
         <system-err><![CDATA[]]></system-err>
      </testcase>
      <system-out><![CDATA[2020-11-11 20:11:49 - [TEST_SUITE][PASSED] - New Test Suite: Test Cases/New Test Case]]></system-out>
      <system-err><![CDATA[]]></system-err>
   </testsuite>
</testsuites>
